<?xml version="1.0" encoding="UTF-8"?>
<!-- Generated by org.testng.reporters.JUnitXMLReporter -->
<testsuite ignored="0" hostname="DESKTOP-KD8HJQ6" failures="0" tests="3" name="Default test" time="0.947" errors="0" timestamp="2022-03-13T03:56:38 IST">
  <testcase classname="BasicAllUtils.FileWritingReading" name="ReadFile" time="0.013"/>
  <testcase classname="BasicAllUtils.FileWritingReading" name="ReadWrite" time="0.455"/>
  <testcase classname="BasicAllUtils.FileWritingReading" name="BufferReadFile" time="0.003"/>
</testsuite> <!-- Default test -->
