<?xml version="1.0" encoding="UTF-8"?>
<!-- Generated by org.testng.reporters.JUnitXMLReporter -->
<testsuite ignored="0" hostname="DESKTOP-KD8HJQ6" failures="1" tests="5" name="Test" time="15.825" errors="0" timestamp="2022-03-13T03:48:55 IST">
  <testcase classname="BasicAllUtils.BrokenImages" name="LinksCheck" time="9.926">
    <failure type="java.net.SocketException" message="Permission denied: connect">
      <![CDATA[java.net.SocketException: Permission denied: connect
at java.base/sun.nio.ch.Net.connect0(Native Method)
at java.base/sun.nio.ch.Net.connect(Net.java:579)
at java.base/sun.nio.ch.Net.connect(Net.java:568)
at java.base/sun.nio.ch.NioSocketImpl.connect(NioSocketImpl.java:588)
at java.base/java.net.SocksSocketImpl.connect(SocksSocketImpl.java:327)
at java.base/java.net.Socket.connect(Socket.java:633)
at java.base/sun.security.ssl.SSLSocketImpl.connect(SSLSocketImpl.java:299)
at java.base/sun.net.NetworkClient.doConnect(NetworkClient.java:178)
at java.base/sun.net.www.http.HttpClient.openServer(HttpClient.java:498)
at java.base/sun.net.www.http.HttpClient.openServer(HttpClient.java:603)
at java.base/sun.net.www.protocol.https.HttpsClient.<init>(HttpsClient.java:266)
at java.base/sun.net.www.protocol.https.HttpsClient.New(HttpsClient.java:380)
at java.base/sun.net.www.protocol.https.AbstractDelegateHttpsURLConnection.getNewHttpClient(AbstractDelegateHttpsURLConnection.java:189)
at java.base/sun.net.www.protocol.http.HttpURLConnection.plainConnect0(HttpURLConnection.java:1242)
at java.base/sun.net.www.protocol.http.HttpURLConnection.plainConnect(HttpURLConnection.java:1128)
at java.base/sun.net.www.protocol.https.AbstractDelegateHttpsURLConnection.connect(AbstractDelegateHttpsURLConnection.java:175)
at java.base/sun.net.www.protocol.https.HttpsURLConnectionImpl.connect(HttpsURLConnectionImpl.java:142)
at BasicAllUtils.BrokenImages.LinksCheck(BrokenImages.java:107)
at BasicAllUtils.BrokenImages.LinksCheck(BrokenImages.java:80)
at java.base/java.util.ArrayList.forEach(ArrayList.java:1511)
... Removed 31 stack frames]]>
    </failure>
  </testcase> <!-- LinksCheck -->
  <testcase classname="BasicAllUtils.ScreeshotDemo" name="TakeScreenShot" time="4.987"/>
  <testcase classname="BasicAllUtils.FileWritingReading" name="ReadFile" time="0.001"/>
  <testcase classname="BasicAllUtils.FileWritingReading" name="ReadWrite" time="0.486"/>
  <testcase classname="BasicAllUtils.FileWritingReading" name="BufferReadFile" time="0.001"/>
</testsuite> <!-- Test -->
