<?xml version="1.0" encoding="UTF-8"?>
<testng-results ignored="0" total="5" passed="4" failed="1" skipped="0">
  <reporter-output>
  </reporter-output>
  <suite started-at="2022-03-13T03:48:39 IST" name="Suite" finished-at="2022-03-13T03:48:55 IST" duration-ms="15825">
    <groups>
    </groups>
    <test started-at="2022-03-13T03:48:39 IST" name="Test" finished-at="2022-03-13T03:48:55 IST" duration-ms="15825">
      <class name="BasicAllUtils.ScreeshotDemo">
        <test-method signature="TakeScreenShot()[pri:0, instance:BasicAllUtils.ScreeshotDemo@485966cc]" started-at="2022-03-13T03:48:50 IST" name="TakeScreenShot" finished-at="2022-03-13T03:48:55 IST" duration-ms="4987" status="PASS">
          <reporter-output>
          </reporter-output>
        </test-method> <!-- TakeScreenShot -->
      </class> <!-- BasicAllUtils.ScreeshotDemo -->
      <class name="BasicAllUtils.BrokenImages">
        <test-method is-config="true" signature="setUp()[pri:0, instance:BasicAllUtils.BrokenImages@5562c41e]" started-at="2022-03-13T03:48:39 IST" name="setUp" finished-at="2022-03-13T03:48:40 IST" duration-ms="315" status="PASS">
          <reporter-output>
          </reporter-output>
        </test-method> <!-- setUp -->
        <test-method signature="LinksCheck()[pri:0, instance:BasicAllUtils.BrokenImages@5562c41e]" started-at="2022-03-13T03:48:40 IST" name="LinksCheck" finished-at="2022-03-13T03:48:50 IST" duration-ms="9926" status="FAIL">
          <exception class="java.net.SocketException">
            <message>
              <![CDATA[Permission denied: connect]]>
            </message>
            <full-stacktrace>
              <![CDATA[java.net.SocketException: Permission denied: connect
at java.base/sun.nio.ch.Net.connect0(Native Method)
at java.base/sun.nio.ch.Net.connect(Net.java:579)
at java.base/sun.nio.ch.Net.connect(Net.java:568)
at java.base/sun.nio.ch.NioSocketImpl.connect(NioSocketImpl.java:588)
at java.base/java.net.SocksSocketImpl.connect(SocksSocketImpl.java:327)
at java.base/java.net.Socket.connect(Socket.java:633)
at java.base/sun.security.ssl.SSLSocketImpl.connect(SSLSocketImpl.java:299)
at java.base/sun.net.NetworkClient.doConnect(NetworkClient.java:178)
at java.base/sun.net.www.http.HttpClient.openServer(HttpClient.java:498)
at java.base/sun.net.www.http.HttpClient.openServer(HttpClient.java:603)
at java.base/sun.net.www.protocol.https.HttpsClient.<init>(HttpsClient.java:266)
at java.base/sun.net.www.protocol.https.HttpsClient.New(HttpsClient.java:380)
at java.base/sun.net.www.protocol.https.AbstractDelegateHttpsURLConnection.getNewHttpClient(AbstractDelegateHttpsURLConnection.java:189)
at java.base/sun.net.www.protocol.http.HttpURLConnection.plainConnect0(HttpURLConnection.java:1242)
at java.base/sun.net.www.protocol.http.HttpURLConnection.plainConnect(HttpURLConnection.java:1128)
at java.base/sun.net.www.protocol.https.AbstractDelegateHttpsURLConnection.connect(AbstractDelegateHttpsURLConnection.java:175)
at java.base/sun.net.www.protocol.https.HttpsURLConnectionImpl.connect(HttpsURLConnectionImpl.java:142)
at BasicAllUtils.BrokenImages.LinksCheck(BrokenImages.java:107)
at BasicAllUtils.BrokenImages.LinksCheck(BrokenImages.java:80)
at java.base/jdk.internal.reflect.NativeMethodAccessorImpl.invoke0(Native Method)
at java.base/jdk.internal.reflect.NativeMethodAccessorImpl.invoke(NativeMethodAccessorImpl.java:77)
at java.base/jdk.internal.reflect.DelegatingMethodAccessorImpl.invoke(DelegatingMethodAccessorImpl.java:43)
at java.base/java.lang.reflect.Method.invoke(Method.java:568)
at org.testng.internal.invokers.MethodInvocationHelper.invokeMethod(MethodInvocationHelper.java:135)
at org.testng.internal.invokers.TestInvoker.invokeMethod(TestInvoker.java:673)
at org.testng.internal.invokers.TestInvoker.invokeTestMethod(TestInvoker.java:220)
at org.testng.internal.invokers.MethodRunner.runInSequence(MethodRunner.java:50)
at org.testng.internal.invokers.TestInvoker$MethodInvocationAgent.invoke(TestInvoker.java:945)
at org.testng.internal.invokers.TestInvoker.invokeTestMethods(TestInvoker.java:193)
at org.testng.internal.invokers.TestMethodWorker.invokeTestMethods(TestMethodWorker.java:146)
at org.testng.internal.invokers.TestMethodWorker.run(TestMethodWorker.java:128)
at java.base/java.util.ArrayList.forEach(ArrayList.java:1511)
at org.testng.TestRunner.privateRun(TestRunner.java:808)
at org.testng.TestRunner.run(TestRunner.java:603)
at org.testng.SuiteRunner.runTest(SuiteRunner.java:429)
at org.testng.SuiteRunner.runSequentially(SuiteRunner.java:423)
at org.testng.SuiteRunner.privateRun(SuiteRunner.java:383)
at org.testng.SuiteRunner.run(SuiteRunner.java:326)
at org.testng.SuiteRunnerWorker.runSuite(SuiteRunnerWorker.java:52)
at org.testng.SuiteRunnerWorker.run(SuiteRunnerWorker.java:95)
at org.testng.TestNG.runSuitesSequentially(TestNG.java:1249)
at org.testng.TestNG.runSuitesLocally(TestNG.java:1169)
at org.testng.TestNG.runSuites(TestNG.java:1092)
at org.testng.TestNG.run(TestNG.java:1060)
at org.apache.maven.surefire.testng.TestNGExecutor.run(TestNGExecutor.java:284)
at org.apache.maven.surefire.testng.TestNGXmlTestSuite.execute(TestNGXmlTestSuite.java:75)
at org.apache.maven.surefire.testng.TestNGProvider.invoke(TestNGProvider.java:119)
at org.apache.maven.surefire.booter.ForkedBooter.runSuitesInProcess(ForkedBooter.java:428)
at org.apache.maven.surefire.booter.ForkedBooter.execute(ForkedBooter.java:162)
at org.apache.maven.surefire.booter.ForkedBooter.run(ForkedBooter.java:562)
at org.apache.maven.surefire.booter.ForkedBooter.main(ForkedBooter.java:548)
]]>
            </full-stacktrace>
          </exception> <!-- java.net.SocketException -->
          <reporter-output>
          </reporter-output>
        </test-method> <!-- LinksCheck -->
      </class> <!-- BasicAllUtils.BrokenImages -->
      <class name="BasicAllUtils.FileWritingReading">
        <test-method is-config="true" signature="setUp()[pri:0, instance:BasicAllUtils.FileWritingReading@1de76cc7]" started-at="2022-03-13T03:48:55 IST" name="setUp" finished-at="2022-03-13T03:48:55 IST" duration-ms="1" status="PASS">
          <reporter-output>
          </reporter-output>
        </test-method> <!-- setUp -->
        <test-method signature="ReadFile()[pri:0, instance:BasicAllUtils.FileWritingReading@1de76cc7]" started-at="2022-03-13T03:48:55 IST" name="ReadFile" finished-at="2022-03-13T03:48:55 IST" duration-ms="1" status="PASS">
          <reporter-output>
          </reporter-output>
        </test-method> <!-- ReadFile -->
        <test-method signature="ReadWrite()[pri:0, instance:BasicAllUtils.FileWritingReading@1de76cc7]" started-at="2022-03-13T03:48:55 IST" name="ReadWrite" finished-at="2022-03-13T03:48:55 IST" duration-ms="486" status="PASS">
          <reporter-output>
          </reporter-output>
        </test-method> <!-- ReadWrite -->
        <test-method signature="BufferReadFile()[pri:2, instance:BasicAllUtils.FileWritingReading@1de76cc7]" started-at="2022-03-13T03:48:55 IST" name="BufferReadFile" finished-at="2022-03-13T03:48:55 IST" duration-ms="1" status="PASS">
          <reporter-output>
          </reporter-output>
        </test-method> <!-- BufferReadFile -->
        <test-method is-config="true" signature="exitedfe()[pri:0, instance:BasicAllUtils.FileWritingReading@1de76cc7]" started-at="2022-03-13T03:48:55 IST" name="exitedfe" finished-at="2022-03-13T03:48:55 IST" duration-ms="47" status="PASS">
          <reporter-output>
          </reporter-output>
        </test-method> <!-- exitedfe -->
      </class> <!-- BasicAllUtils.FileWritingReading -->
    </test> <!-- Test -->
  </suite> <!-- Suite -->
</testng-results>
