-------------------------------------------------------------------------------
Test set: TestSuite
-------------------------------------------------------------------------------
Tests run: 5, Failures: 1, Errors: 0, Skipped: 0, Time elapsed: 16.803 s <<< FAILURE! - in TestSuite
BasicAllUtils.BrokenImages.LinksCheck  Time elapsed: 9.936 s  <<< FAILURE!
java.net.SocketException: Permission denied: connect
	at BasicAllUtils.BrokenImages.LinksCheck(BrokenImages.java:107)
	at BasicAllUtils.BrokenImages.LinksCheck(BrokenImages.java:80)

