<?xml version="1.0" encoding="UTF-8"?>
<testng-results ignored="0" total="5" passed="4" failed="1" skipped="0">
  <reporter-output>
  </reporter-output>
  <suite started-at="2022-03-13T03:58:03 IST" name="Suite " finished-at="2022-03-13T03:58:49 IST" duration-ms="45171">
    <groups>
    </groups>
    <test started-at="2022-03-13T03:58:03 IST" name="Test1" finished-at="2022-03-13T03:58:43 IST" duration-ms="39631">
      <class name="BasicAllUtils.BrokenImages">
        <test-method is-config="true" signature="setUp()[pri:0, instance:BasicAllUtils.BrokenImages@202b0582]" started-at="2022-03-13T03:58:03 IST" name="setUp" finished-at="2022-03-13T03:58:04 IST" duration-ms="407" status="PASS">
          <reporter-output>
          </reporter-output>
        </test-method> <!-- setUp -->
        <test-method signature="LinksCheck()[pri:0, instance:BasicAllUtils.BrokenImages@202b0582]" started-at="2022-03-13T03:58:04 IST" name="LinksCheck" finished-at="2022-03-13T03:58:43 IST" duration-ms="39175" status="FAIL">
          <exception class="java.net.ConnectException">
            <message>
              <![CDATA[Connection timed out: connect]]>
            </message>
            <full-stacktrace>
              <![CDATA[java.net.ConnectException: Connection timed out: connect
at java.base/sun.nio.ch.Net.connect0(Native Method)
at java.base/sun.nio.ch.Net.connect(Net.java:579)
at java.base/sun.nio.ch.Net.connect(Net.java:568)
at java.base/sun.nio.ch.NioSocketImpl.connect(NioSocketImpl.java:588)
at java.base/java.net.SocksSocketImpl.connect(SocksSocketImpl.java:327)
at java.base/java.net.Socket.connect(Socket.java:633)
at java.base/sun.security.ssl.SSLSocketImpl.connect(SSLSocketImpl.java:299)
at java.base/sun.net.NetworkClient.doConnect(NetworkClient.java:178)
at java.base/sun.net.www.http.HttpClient.openServer(HttpClient.java:498)
at java.base/sun.net.www.http.HttpClient.openServer(HttpClient.java:603)
at java.base/sun.net.www.protocol.https.HttpsClient.<init>(HttpsClient.java:266)
at java.base/sun.net.www.protocol.https.HttpsClient.New(HttpsClient.java:380)
at java.base/sun.net.www.protocol.https.AbstractDelegateHttpsURLConnection.getNewHttpClient(AbstractDelegateHttpsURLConnection.java:189)
at java.base/sun.net.www.protocol.http.HttpURLConnection.plainConnect0(HttpURLConnection.java:1242)
at java.base/sun.net.www.protocol.http.HttpURLConnection.plainConnect(HttpURLConnection.java:1128)
at java.base/sun.net.www.protocol.https.AbstractDelegateHttpsURLConnection.connect(AbstractDelegateHttpsURLConnection.java:175)
at java.base/sun.net.www.protocol.https.HttpsURLConnectionImpl.connect(HttpsURLConnectionImpl.java:142)
at BasicAllUtils.BrokenImages.LinksCheck(BrokenImages.java:107)
at BasicAllUtils.BrokenImages.LinksCheck(BrokenImages.java:80)
at java.base/jdk.internal.reflect.NativeMethodAccessorImpl.invoke0(Native Method)
at java.base/jdk.internal.reflect.NativeMethodAccessorImpl.invoke(NativeMethodAccessorImpl.java:77)
at java.base/jdk.internal.reflect.DelegatingMethodAccessorImpl.invoke(DelegatingMethodAccessorImpl.java:43)
at java.base/java.lang.reflect.Method.invoke(Method.java:568)
at org.testng.internal.MethodInvocationHelper.invokeMethod(MethodInvocationHelper.java:133)
at org.testng.internal.TestInvoker.invokeMethod(TestInvoker.java:598)
at org.testng.internal.TestInvoker.invokeTestMethod(TestInvoker.java:173)
at org.testng.internal.MethodRunner.runInSequence(MethodRunner.java:46)
at org.testng.internal.TestInvoker$MethodInvocationAgent.invoke(TestInvoker.java:824)
at org.testng.internal.TestInvoker.invokeTestMethods(TestInvoker.java:146)
at org.testng.internal.TestMethodWorker.invokeTestMethods(TestMethodWorker.java:146)
at org.testng.internal.TestMethodWorker.run(TestMethodWorker.java:128)
at java.base/java.util.ArrayList.forEach(ArrayList.java:1511)
at org.testng.TestRunner.privateRun(TestRunner.java:794)
at org.testng.TestRunner.run(TestRunner.java:596)
at org.testng.SuiteRunner.runTest(SuiteRunner.java:377)
at org.testng.SuiteRunner.runSequentially(SuiteRunner.java:371)
at org.testng.SuiteRunner.privateRun(SuiteRunner.java:332)
at org.testng.SuiteRunner.run(SuiteRunner.java:276)
at org.testng.SuiteRunnerWorker.runSuite(SuiteRunnerWorker.java:53)
at org.testng.SuiteRunnerWorker.run(SuiteRunnerWorker.java:96)
at org.testng.TestNG.runSuitesSequentially(TestNG.java:1212)
at org.testng.TestNG.runSuitesLocally(TestNG.java:1134)
at org.testng.TestNG.runSuites(TestNG.java:1063)
at org.testng.TestNG.run(TestNG.java:1031)
at org.testng.remote.AbstractRemoteTestNG.run(AbstractRemoteTestNG.java:115)
at org.testng.remote.RemoteTestNG.initAndRun(RemoteTestNG.java:251)
at org.testng.remote.RemoteTestNG.main(RemoteTestNG.java:77)
]]>
            </full-stacktrace>
          </exception> <!-- java.net.ConnectException -->
          <reporter-output>
          </reporter-output>
        </test-method> <!-- LinksCheck -->
      </class> <!-- BasicAllUtils.BrokenImages -->
    </test> <!-- Test1 -->
    <test started-at="2022-03-13T03:58:43 IST" name="Test2" finished-at="2022-03-13T03:58:48 IST" duration-ms="4956">
      <class name="BasicAllUtils.ScreeshotDemo">
        <test-method signature="TakeScreenShot()[pri:0, instance:BasicAllUtils.ScreeshotDemo@25be7b63]" started-at="2022-03-13T03:58:43 IST" name="TakeScreenShot" finished-at="2022-03-13T03:58:48 IST" duration-ms="4952" status="PASS">
          <reporter-output>
          </reporter-output>
        </test-method> <!-- TakeScreenShot -->
      </class> <!-- BasicAllUtils.ScreeshotDemo -->
    </test> <!-- Test2 -->
    <test started-at="2022-03-13T03:58:48 IST" name="Test3" finished-at="2022-03-13T03:58:49 IST" duration-ms="547">
      <class name="BasicAllUtils.FileWritingReading">
        <test-method is-config="true" signature="setUp()[pri:0, instance:BasicAllUtils.FileWritingReading@70cf32e3]" started-at="2022-03-13T03:58:48 IST" name="setUp" finished-at="2022-03-13T03:58:48 IST" duration-ms="0" status="PASS">
          <reporter-output>
          </reporter-output>
        </test-method> <!-- setUp -->
        <test-method signature="ReadFile()[pri:0, instance:BasicAllUtils.FileWritingReading@70cf32e3]" started-at="2022-03-13T03:58:48 IST" name="ReadFile" finished-at="2022-03-13T03:58:48 IST" duration-ms="4" status="PASS">
          <reporter-output>
          </reporter-output>
        </test-method> <!-- ReadFile -->
        <test-method signature="ReadWrite()[pri:0, instance:BasicAllUtils.FileWritingReading@70cf32e3]" started-at="2022-03-13T03:58:48 IST" name="ReadWrite" finished-at="2022-03-13T03:58:49 IST" duration-ms="474" status="PASS">
          <reporter-output>
          </reporter-output>
        </test-method> <!-- ReadWrite -->
        <test-method signature="BufferReadFile()[pri:2, instance:BasicAllUtils.FileWritingReading@70cf32e3]" started-at="2022-03-13T03:58:49 IST" name="BufferReadFile" finished-at="2022-03-13T03:58:49 IST" duration-ms="3" status="PASS">
          <reporter-output>
          </reporter-output>
        </test-method> <!-- BufferReadFile -->
        <test-method is-config="true" signature="exitedfe()[pri:0, instance:BasicAllUtils.FileWritingReading@70cf32e3]" started-at="2022-03-13T03:58:49 IST" name="exitedfe" finished-at="2022-03-13T03:58:49 IST" duration-ms="54" status="PASS">
          <reporter-output>
          </reporter-output>
        </test-method> <!-- exitedfe -->
      </class> <!-- BasicAllUtils.FileWritingReading -->
    </test> <!-- Test3 -->
  </suite> <!-- Suite  -->
</testng-results>
